<?xml version="1.0" encoding="UTF-8"?>
<testng-results ignored="0" total="1" passed="1" failed="0" skipped="0">
  <reporter-output>
  </reporter-output>
  <suite started-at="2022-08-21T10:38:14 CDT" name="Default suite" finished-at="2022-08-21T10:38:25 CDT" duration-ms="10249">
    <groups>
    </groups>
    <test started-at="2022-08-21T10:38:14 CDT" name="Default test" finished-at="2022-08-21T10:38:25 CDT" duration-ms="10249">
      <class name="nemishSelenium.Dropdown">
        <test-method signature="f()[pri:0, instance:nemishSelenium.Dropdown@6cd28fa7]" started-at="2022-08-21T10:38:14 CDT" name="f" finished-at="2022-08-21T10:38:25 CDT" duration-ms="10147" status="PASS">
          <reporter-output>
          </reporter-output>
        </test-method> <!-- f -->
      </class> <!-- nemishSelenium.Dropdown -->
    </test> <!-- Default test -->
  </suite> <!-- Default suite -->
</testng-results>
